<?xml version="1.0" encoding="UTF-8" ?>
<testsuite failures="0" time="1.513" errors="0" skipped="0" tests="3" name="org.jbpm.process.audit.WorkingMemoryDbLoggerTest">
  <properties>
[...]
</properties>
  <testcase time="0.503" classname="org.jbpm.process.audit.WorkingMemoryDbLoggerTest" name="testLogger1"/>
  <testcase time="0.504" classname="org.jbpm.process.audit.WorkingMemoryDbLoggerTest" name="testLogger2"/>
  <testcase time="0.506" classname="org.jbpm.process.audit.WorkingMemoryDbLoggerTest" name="testLogger3"/>
</testsuite>